<html xmlns:string="xalan://java.lang.String" xmlns:lxslt="http://xml.apache.org/xslt">
<head>
<META http-equiv="Content-Type" content="text/html; charset=UTF-8">
<title>Unit Test Results: PageObject.NDM_TestSuite</title>
<link rel="stylesheet" type="text/css" title="Style" href="../stylesheet.css">
<script type="text/javascript" language="JavaScript">
        var TestCases = new Array();
        var cur;
        
    cur = TestCases['PageObject.NDM_TestSuite'] = new Array();
    
        cur['ant.core.lib'] = 'C:\\eclipse2\\plugins\\org.apache.ant_1.9.6.v201510161327\\lib\\ant.jar';
    
        cur['ant.file'] = 'C:\\eclipse2\\Workspace\\NDM3\\build.xml';
    
        cur['ant.file.NDM3'] = 'C:\\eclipse2\\Workspace\\NDM3\\build.xml';
    
        cur['ant.file.type.NDM3'] = 'file';
    
        cur['ant.home'] = 'C:\\eclipse2\\plugins\\org.apache.ant_1.9.6.v201510161327';
    
        cur['ant.java.version'] = '1.8';
    
        cur['ant.library.dir'] = 'C:\\eclipse2\\plugins\\org.apache.ant_1.9.6.v201510161327\\lib';
    
        cur['ant.project.default-target'] = 'build';
    
        cur['ant.project.invoked-targets'] = 'build,junitreport,NDM_TestSuite (1)';
    
        cur['ant.project.name'] = 'NDM3';
    
        cur['ant.version'] = 'Apache Ant(TM) version 1.9.6 compiled on June 29 2015';
    
        cur['awt.toolkit'] = 'sun.awt.windows.WToolkit';
    
        cur['basedir'] = 'C:\\eclipse2\\Workspace\\NDM3';
    
        cur['debuglevel'] = 'source,lines,vars';
    
        cur['ECLIPSE_HOME'] = '../../';
    
        cur['eclipse.pdebuild.home'] = '/C:/eclipse2/plugins/org.eclipse.pde.build_3.9.200.v20160204-0642/./';
    
        cur['eclipse.pdebuild.scripts'] = '/C:/eclipse2/plugins/org.eclipse.pde.build_3.9.200.v20160204-0642/scripts/';
    
        cur['eclipse.pdebuild.templates'] = '/C:/eclipse2/plugins/org.eclipse.pde.build_3.9.200.v20160204-0642/templates/';
    
        cur['env.ALLUSERSPROFILE'] = 'C:\\ProgramData';
    
        cur['env.ANT_HOME'] = 'C:\\eclipse2\\plugins\\org.apache.ant_1.9.6.v201510161327';
    
        cur['env.APPDATA'] = 'C:\\Users\\hiromi\\AppData\\Roaming';
    
        cur['env.CommonProgramFiles'] = 'C:\\Program Files\\Common Files';
    
        cur['env.CommonProgramFiles(x86)'] = 'C:\\Program Files (x86)\\Common Files';
    
        cur['env.CommonProgramW6432'] = 'C:\\Program Files\\Common Files';
    
        cur['env.COMPUTERNAME'] = 'HKUS-X-5430';
    
        cur['env.ComSpec'] = 'C:\\Windows\\system32\\cmd.exe';
    
        cur['env.FPS_BROWSER_APP_PROFILE_STRING'] = 'Internet Explorer';
    
        cur['env.FPS_BROWSER_USER_PROFILE_STRING'] = 'Default';
    
        cur['env.GRADLE_HOME'] = 'C:\\gradle-3.1-all\\gradle-3.1\\bin';
    
        cur['env.HOMEDRIVE'] = 'H:';
    
        cur['env.HOMEPATH'] = '\\';
    
        cur['env.HOMESHARE'] = '\\\\ktd.com\\shares\\all\\home\\hiromi';
    
        cur['env.JAVA_HOME'] = 'C:\\Program Files (x86)\\Java\\jdk1.8.0_101';
    
        cur['env.LOCALAPPDATA'] = 'C:\\Users\\hiromi\\AppData\\Local';
    
        cur['env.LOGONSERVER'] = '\\\\HOMER';
    
        cur['env.MOZ_PLUGIN_PATH'] = 'C:\\Program Files (x86)\\Nuance\\PDF Professional 7\\Bin\\';
    
        cur['env.NUMBER_OF_PROCESSORS'] = '4';
    
        cur['env.OneDrive'] = 'C:\\Users\\hiromi\\OneDrive';
    
        cur['env.OS'] = 'Windows_NT';
    
        cur['env.Path'] = 'C:/Program Files/Java/jre1.8.0_121/bin/server;C:/Program Files/Java/jre1.8.0_121/bin;C:/Program Files/Java/jre1.8.0_121/lib/amd64;C:\\ProgramData\\Oracle\\Java\\javapath;C:\\Windows\\system32;C:\\Windows;C:\\Windows\\System32\\Wbem;C:\\Windows\\System32\\WindowsPowerShell\\v1.0\\;C:\\Program Files\\Microsoft SQL Server\\110\\Tools\\Binn\\;C:\\Program Files\\Perforce;C:\\Program Files\\Microsoft\\Web Platform Installer\\;C:\\Program Files\\Microsoft SQL Server\\120\\Tools\\Binn\\;C:\\Program Files\\Microsoft SQL Server\\130\\Tools\\Binn\\;C:\\Program Files (x86)\\Sennheiser\\SoftphoneSDK\\;C:\\Program Files (x86)\\Microsoft Team Foundation Server 2015 Power Tools\\;C:\\Ruby21\\bin;C:\\Program Files (x86)\\Skype\\Phone\\;C:\\ant\\bin;C:\\apache-maven-3.5.0\\bin;C:\\Program Files\\Git\\cmd;C:\\Ruby21\\bin;C:\\ProgramData\\Oracle\\Java\\javapath;C:\\Windows\\system32;C:\\Windows;C:\\Windows\\System32\\Wbem;C:\\Windows\\System32\\WindowsPowerShell\\v1.0\\;C:\\Program Files\\Microsoft SQL Server\\110\\Tools\\Binn\\;C:\\Program Files\\Perforce;C:\\Program Files\\Microsoft\\Web Platform Installer\\;C:\\Program Files\\Microsoft SQL Server\\120\\Tools\\Binn\\;C:\\Program Files\\Microsoft SQL Server\\130\\Tools\\Binn\\;C:\\Program Files (x86)\\Sennheiser\\SoftphoneSDK\\;C:\\Program Files (x86)\\Microsoft Team Foundation Server 2015 Power Tools\\;C:\\Ruby21\\bin;C:\\Program Files (x86)\\Skype\\Phone\\;C:\\ant\\bin;C:\\apache-maven-3.5.0\\bin;C:\\Program Files\\Git\\cmd;C:\\Program Files\\Java\\jdk1.8.0_101\\bin;C:\\ant\\bin;C:\\eclipse2;';
    
        cur['env.PATHEXT'] = '.COM;.EXE;.BAT;.CMD;.VBS;.VBE;.JS;.JSE;.WSF;.WSH;.MSC;.RB;.RBW;.EXE';
    
        cur['env.PROCESSOR_ARCHITECTURE'] = 'AMD64';
    
        cur['env.PROCESSOR_IDENTIFIER'] = 'Intel64 Family 6 Model 58 Stepping 9, GenuineIntel';
    
        cur['env.PROCESSOR_LEVEL'] = '6';
    
        cur['env.PROCESSOR_REVISION'] = '3a09';
    
        cur['env.ProgramData'] = 'C:\\ProgramData';
    
        cur['env.ProgramFiles'] = 'C:\\Program Files';
    
        cur['env.ProgramFiles(x86)'] = 'C:\\Program Files (x86)';
    
        cur['env.ProgramW6432'] = 'C:\\Program Files';
    
        cur['env.PROMPT'] = '$P$G';
    
        cur['env.PSModulePath'] = 'C:\\Windows\\system32\\WindowsPowerShell\\v1.0\\Modules\\;C:\\Program Files\\WindowsPowerShell\\Modules\\;C:\\Program Files (x86)\\Microsoft SDKs\\Azure\\PowerShell\\ResourceManager\\AzureResourceManager\\;C:\\Program Files (x86)\\Microsoft SDKs\\Azure\\PowerShell\\ServiceManagement\\;C:\\Program Files (x86)\\Microsoft SDKs\\Azure\\PowerShell\\Storage\\';
    
        cur['env.PUBLIC'] = 'C:\\Users\\Public';
    
        cur['env.SESSIONNAME'] = 'Console';
    
        cur['env.SystemDrive'] = 'C:';
    
        cur['env.SystemRoot'] = 'C:\\Windows';
    
        cur['env.TEMP'] = 'C:\\Users\\hiromi\\AppData\\Local\\Temp';
    
        cur['env.TFSPowerToolDir'] = 'C:\\Program Files (x86)\\Microsoft Team Foundation Server 2015 Power Tools\\';
    
        cur['env.TMP'] = 'C:\\Users\\hiromi\\AppData\\Local\\Temp';
    
        cur['env.USERDNSDOMAIN'] = 'KTD.COM';
    
        cur['env.USERDOMAIN'] = 'KTD-KYOCERA.COM';
    
        cur['env.USERDOMAIN_ROAMINGPROFILE'] = 'KTD-KYOCERA.COM';
    
        cur['env.USERNAME'] = 'hiromi';
    
        cur['env.USERPROFILE'] = 'C:\\Users\\hiromi';
    
        cur['env.VS120COMNTOOLS'] = 'C:\\Program Files (x86)\\Microsoft Visual Studio 12.0\\Common7\\Tools\\';
    
        cur['env.VS140COMNTOOLS'] = 'C:\\Program Files (x86)\\Microsoft Visual Studio 14.0\\Common7\\Tools\\';
    
        cur['env.windir'] = 'C:\\Windows';
    
        cur['file.encoding'] = 'MS932';
    
        cur['file.encoding.pkg'] = 'sun.io';
    
        cur['file.separator'] = '\\';
    
        cur['java.awt.graphicsenv'] = 'sun.awt.Win32GraphicsEnvironment';
    
        cur['java.awt.printerjob'] = 'sun.awt.windows.WPrinterJob';
    
        cur['java.class.path'] = 'C:\\eclipse2\\Workspace\\NDM3\\bin;C:\\eclipse2\\Workspace\\NDM3\\lib\\AutoItX4Java.jar;C:\\eclipse2\\Workspace\\NDM3\\lib\\bsh-2.0b4.jar;C:\\eclipse2\\Workspace\\NDM3\\lib\\bson-3.3.0.jar;C:\\eclipse2\\Workspace\\NDM3\\lib\\commons-codec-1.9.jar;C:\\eclipse2\\Workspace\\NDM3\\lib\\commons-lang-2.3.jar;C:\\eclipse2\\Workspace\\NDM3\\lib\\commons-logging-1.2.jar;C:\\eclipse2\\Workspace\\NDM3\\lib\\extentreports-3.0.6.jar;C:\\eclipse2\\Workspace\\NDM3\\lib\\extentreports-java-1.4.jar;C:\\eclipse2\\Workspace\\NDM3\\lib\\freemarker-2.3.23.jar;C:\\eclipse2\\Workspace\\NDM3\\lib\\httpclient-4.5.2.jar;C:\\eclipse2\\Workspace\\NDM3\\lib\\httpcore-4.4.4.jar;C:\\eclipse2\\Workspace\\NDM3\\lib\\httpmime-4.5.2.jar;C:\\eclipse2\\Workspace\\NDM3\\lib\\jacob.jar;C:\\eclipse2\\Workspace\\NDM3\\lib\\java-json.jar;C:\\eclipse2\\Workspace\\NDM3\\lib\\java-mail-1.4.4.jar;C:\\eclipse2\\Workspace\\NDM3\\lib\\jcommander-1.48.jar;C:\\eclipse2\\Workspace\\NDM3\\lib\\json-simple-1.1.1.jar;C:\\eclipse2\\Workspace\\NDM3\\lib\\jsoup-1.9.2.jar;C:\\eclipse2\\Workspace\\NDM3\\lib\\junit-4.10.jar;C:\\eclipse2\\Workspace\\NDM3\\lib\\mongodb-driver-3.3.0.jar;C:\\eclipse2\\Workspace\\NDM3\\lib\\mongodb-driver-core-3.3.0.jar;C:\\eclipse2\\Workspace\\NDM3\\lib\\mongo-java-driver-2.10.1.jar;C:\\eclipse2\\Workspace\\NDM3\\lib\\opencsv-2.4.jar;C:\\eclipse2\\Workspace\\NDM3\\lib\\selenium-java-2.39.0.jar;C:\\eclipse2\\Workspace\\NDM3\\lib\\selenium-server-standalone-3.4.0.jar;C:\\eclipse2\\Workspace\\NDM3\\lib\\testng-6.9.10.jar;C:\\eclipse2\\Workspace\\NDM3\\lib\\ini4j-0.5.4.jar;C:\\eclipse2\\Workspace\\NDM3\\lib\\ini4j-0.5.4-jdk14.jar;C:\\eclipse2\\plugins\\org.apache.ant_1.9.6.v201510161327\\lib\\ant-launcher.jar;C:\\eclipse2\\plugins\\org.apache.ant_1.9.6.v201510161327\\lib\\ant.jar;C:\\eclipse2\\plugins\\org.apache.ant_1.9.6.v201510161327\\lib\\ant-junit.jar;C:\\eclipse2\\plugins\\org.apache.ant_1.9.6.v201510161327\\lib\\ant-junit4.jar';
    
        cur['java.class.version'] = '52.0';
    
        cur['java.endorsed.dirs'] = 'C:\\Program Files\\Java\\jdk1.8.0_101\\jre\\lib\\endorsed';
    
        cur['java.ext.dirs'] = 'C:\\Program Files\\Java\\jdk1.8.0_101\\jre\\lib\\ext;C:\\Windows\\Sun\\Java\\lib\\ext';
    
        cur['java.home'] = 'C:\\Program Files\\Java\\jdk1.8.0_101\\jre';
    
        cur['java.io.tmpdir'] = 'C:\\Users\\hiromi\\AppData\\Local\\Temp\\';
    
        cur['java.library.path'] = 'C:\\Program Files\\Java\\jdk1.8.0_101\\jre\\bin;C:\\Windows\\Sun\\Java\\bin;C:\\Windows\\system32;C:\\Windows;C:/Program Files/Java/jre1.8.0_121/bin/server;C:/Program Files/Java/jre1.8.0_121/bin;C:/Program Files/Java/jre1.8.0_121/lib/amd64;C:\\ProgramData\\Oracle\\Java\\javapath;C:\\Windows\\system32;C:\\Windows;C:\\Windows\\System32\\Wbem;C:\\Windows\\System32\\WindowsPowerShell\\v1.0\\;C:\\Program Files\\Microsoft SQL Server\\110\\Tools\\Binn\\;C:\\Program Files\\Perforce;C:\\Program Files\\Microsoft\\Web Platform Installer\\;C:\\Program Files\\Microsoft SQL Server\\120\\Tools\\Binn\\;C:\\Program Files\\Microsoft SQL Server\\130\\Tools\\Binn\\;C:\\Program Files (x86)\\Sennheiser\\SoftphoneSDK\\;C:\\Program Files (x86)\\Microsoft Team Foundation Server 2015 Power Tools\\;C:\\Ruby21\\bin;C:\\Program Files (x86)\\Skype\\Phone\\;C:\\ant\\bin;C:\\apache-maven-3.5.0\\bin;C:\\Program Files\\Git\\cmd;C:\\Ruby21\\bin;C:\\ProgramData\\Oracle\\Java\\javapath;C:\\Windows\\system32;C:\\Windows;C:\\Windows\\System32\\Wbem;C:\\Windows\\System32\\WindowsPowerShell\\v1.0\\;C:\\Program Files\\Microsoft SQL Server\\110\\Tools\\Binn\\;C:\\Program Files\\Perforce;C:\\Program Files\\Microsoft\\Web Platform Installer\\;C:\\Program Files\\Microsoft SQL Server\\120\\Tools\\Binn\\;C:\\Program Files\\Microsoft SQL Server\\130\\Tools\\Binn\\;C:\\Program Files (x86)\\Sennheiser\\SoftphoneSDK\\;C:\\Program Files (x86)\\Microsoft Team Foundation Server 2015 Power Tools\\;C:\\Ruby21\\bin;C:\\Program Files (x86)\\Skype\\Phone\\;C:\\ant\\bin;C:\\apache-maven-3.5.0\\bin;C:\\Program Files\\Git\\cmd;C:\\Program Files\\Java\\jdk1.8.0_101\\bin;C:\\ant\\bin;C:\\eclipse2;;.';
    
        cur['java.runtime.name'] = 'Java(TM) SE Runtime Environment';
    
        cur['java.runtime.version'] = '1.8.0_101-b13';
    
        cur['java.specification.name'] = 'Java Platform API Specification';
    
        cur['java.specification.vendor'] = 'Oracle Corporation';
    
        cur['java.specification.version'] = '1.8';
    
        cur['java.vendor'] = 'Oracle Corporation';
    
        cur['java.vendor.url'] = 'http://java.oracle.com/';
    
        cur['java.vendor.url.bug'] = 'http://bugreport.sun.com/bugreport/';
    
        cur['java.version'] = '1.8.0_101';
    
        cur['java.vm.info'] = 'mixed mode';
    
        cur['java.vm.name'] = 'Java HotSpot(TM) 64-Bit Server VM';
    
        cur['java.vm.specification.name'] = 'Java Virtual Machine Specification';
    
        cur['java.vm.specification.vendor'] = 'Oracle Corporation';
    
        cur['java.vm.specification.version'] = '1.8';
    
        cur['java.vm.vendor'] = 'Oracle Corporation';
    
        cur['java.vm.version'] = '25.101-b13';
    
        cur['junit.output.dir'] = 'junit';
    
        cur['line.separator'] = '\r\n';
    
        cur['org.apache.tools.ant.taskdefs.optional.junit.AggregateTransformer0'] = 'C:\\Users\\hiromi\\AppData\\Local\\Temp\\null619430686';
    
        cur['os.arch'] = 'amd64';
    
        cur['os.name'] = 'Windows 10';
    
        cur['os.version'] = '10.0';
    
        cur['path.separator'] = ';';
    
        cur['source'] = '1.8';
    
        cur['sun.arch.data.model'] = '64';
    
        cur['sun.boot.class.path'] = 'C:\\Program Files\\Java\\jdk1.8.0_101\\jre\\lib\\resources.jar;C:\\Program Files\\Java\\jdk1.8.0_101\\jre\\lib\\rt.jar;C:\\Program Files\\Java\\jdk1.8.0_101\\jre\\lib\\sunrsasign.jar;C:\\Program Files\\Java\\jdk1.8.0_101\\jre\\lib\\jsse.jar;C:\\Program Files\\Java\\jdk1.8.0_101\\jre\\lib\\jce.jar;C:\\Program Files\\Java\\jdk1.8.0_101\\jre\\lib\\charsets.jar;C:\\Program Files\\Java\\jdk1.8.0_101\\jre\\lib\\jfr.jar;C:\\Program Files\\Java\\jdk1.8.0_101\\jre\\classes';
    
        cur['sun.boot.library.path'] = 'C:\\Program Files\\Java\\jdk1.8.0_101\\jre\\bin';
    
        cur['sun.cpu.endian'] = 'little';
    
        cur['sun.cpu.isalist'] = 'amd64';
    
        cur['sun.desktop'] = 'windows';
    
        cur['sun.io.unicode.encoding'] = 'UnicodeLittle';
    
        cur['sun.java.command'] = 'org.apache.tools.ant.taskdefs.optional.junit.JUnitTestRunner PageObject.NDM_TestSuite skipNonTests=false filtertrace=true haltOnError=false haltOnFailure=false formatter=org.apache.tools.ant.taskdefs.optional.junit.OutErrSummaryJUnitResultFormatter showoutput=false outputtoformatters=true logfailedtests=true threadid=0 logtestlistenerevents=false formatter=org.apache.tools.ant.taskdefs.optional.junit.XMLJUnitResultFormatter,C:\\eclipse2\\Workspace\\NDM3\\junit\\TEST-PageObject.NDM_TestSuite.xml crashfile=C:\\eclipse2\\Workspace\\NDM3\\junitvmwatcher2141135718788942492.properties propsfile=C:\\eclipse2\\Workspace\\NDM3\\junit9188032647817231389.properties';
    
        cur['sun.java.launcher'] = 'SUN_STANDARD';
    
        cur['sun.jnu.encoding'] = 'MS932';
    
        cur['sun.management.compiler'] = 'HotSpot 64-Bit Tiered Compilers';
    
        cur['sun.os.patch.level'] = '';
    
        cur['target'] = '1.8';
    
        cur['user.country'] = 'US';
    
        cur['user.dir'] = 'C:\\eclipse2\\Workspace\\NDM3';
    
        cur['user.home'] = 'C:\\Users\\hiromi';
    
        cur['user.language'] = 'en';
    
        cur['user.name'] = 'hiromi';
    
        cur['user.script'] = '';
    
        cur['user.timezone'] = '';
    
        cur['user.variant'] = '';
    </script><script type="text/javascript" language="JavaScript">
        function displayProperties (name) {
          var win = window.open('','JUnitSystemProperties','scrollbars=1,resizable=1');
          var doc = win.document;
          doc.open();
          doc.write("<html><head><title>Properties of " + name + "</title>");
          doc.write("<style type=\"text/css\">");
          doc.write("body {font:normal 68% verdana,arial,helvetica; color:#000000; }");
          doc.write("table tr td, table tr th { font-size: 68%; }");
          doc.write("table.properties { border-collapse:collapse; border-left:solid 1 #cccccc; border-top:solid 1 #cccccc; padding:5px; }");
          doc.write("table.properties th { text-align:left; border-right:solid 1 #cccccc; border-bottom:solid 1 #cccccc; background-color:#eeeeee; }");
          doc.write("table.properties td { font:normal; text-align:left; border-right:solid 1 #cccccc; border-bottom:solid 1 #cccccc; background-color:#fffffff; }");
          doc.write("h3 { margin-bottom: 0.5em; font: bold 115% verdana,arial,helvetica }");
          doc.write("</style>");
          doc.write("</head><body>");
          doc.write("<h3>Properties of " + name + "</h3>");
          doc.write("<div align=\"right\"><a href=\"javascript:window.close();\">Close</a></div>");
          doc.write("<table class='properties'>");
          doc.write("<tr><th>Name</th><th>Value</th></tr>");
          for (prop in TestCases[name]) {
            doc.write("<tr><th>" + prop + "</th><td>" + TestCases[name][prop] + "</td></tr>");
          }
          doc.write("</table>");
          doc.write("</body></html>");
          doc.close();
          win.focus();
        }
      
      </script>
</head>
<body>
<h1>Unit Test Results.</h1>
<table width="100%">
<tr>
<td align="left"></td><td align="right">Designed for use with <a href="http://www.junit.org/">JUnit</a> and <a href="http://ant.apache.org/">Ant</a>.</td>
</tr>
</table>
<hr size="1">
<h3>Class PageObject.NDM_TestSuite</h3>
<table class="details" border="0" cellpadding="5" cellspacing="2" width="95%">
<tr valign="top">
<th width="80%">Name</th><th>Tests</th><th>Errors</th><th>Failures</th><th>Skipped</th><th nowrap>Time(s)</th><th nowrap>Time Stamp</th><th>Host</th>
</tr>
<tr valign="top" class="Error">
<td><a title="Display all tests" href="0_NDM_TestSuite.html">NDM_TestSuite</a></td><td><a title="Display all tests" href="0_NDM_TestSuite.html">11</a></td><td><a title="Display only errors" href="0_NDM_TestSuite-errors.html">10</a></td><td>0</td><td>0</td><td>303.290</td><td>2017-10-03T01:58:21</td><td>HKus-X-5430</td>
</tr>
</table>
<h2>Errors</h2>
<table class="details" border="0" cellpadding="5" cellspacing="2" width="95%">
<tr valign="top">
<th>Name</th><th>Status</th><th width="80%">Type</th><th nowrap>Time(s)</th>
</tr>
<tr valign="top" class="Error">
<td><a name="testPage"></a>testPage</td><td>Error</td><td>N/A<br>
<br>
<code>java.lang.NullPointerException<br>	at org.openqa.selenium.remote.RemoteWebDriver.findElements(RemoteWebDriver.java:341)<br>	at org.openqa.selenium.remote.RemoteWebDriver.findElementsByXPath(RemoteWebDriver.java:408)<br>	at org.openqa.selenium.By$ByXPath.findElements(By.java:358))<br>	at org.openqa.selenium.remote.RemoteWebDriver.findElements(RemoteWebDriver.java:295)<br>	at Pages.NDM_OptionalFunctionPage.SelectFunction(NDM_OptionalFunctionPage.java:46)<br>	at PageObject.NDM_TestCase6601OptionalFunction.testPage(NDM_TestCase6601OptionalFunction.java:89)<br>
</code></td><td>231.603</td>
</tr>
<tr valign="top" class="Error">
<td><a name="testPage"></a>testPage</td><td>Error</td><td>no such window: target window already closed
from unknown error: web view not found
  (Session info: chrome=61.0.3163.100)
  (Driver info: chromedriver=2.29.461591 (62ebf098771772160f391d75e589dc567915b233),platform=Windows NT 10.0.10240 x86_64) (WARNING: The server did not provide any stacktrace information)
Command duration or timeout: 3 milliseconds
Build info: version: '2.39.0', revision: 'ff23eac', time: '2013-12-16 16:12:12'
System info: host: 'HKus-X-5430', ip: '10.10.18.139', os.name: 'Windows 10', os.arch: 'amd64', os.version: '10.0', java.version: '1.8.0_101'
Driver info: org.openqa.selenium.chrome.ChromeDriver
Capabilities [{applicationCacheEnabled=false, rotatable=false, mobileEmulationEnabled=false, networkConnectionEnabled=false, chrome={chromedriverVersion=2.29.461591 (62ebf098771772160f391d75e589dc567915b233), userDataDir=C:\Users\hiromi\AppData\Local\Temp\scoped_dir8936_13068}, takesHeapSnapshot=true, pageLoadStrategy=normal, databaseEnabled=false, handlesAlerts=true, hasTouchScreen=false, version=61.0.3163.100, platform=XP, browserConnectionEnabled=false, nativeEvents=true, acceptSslCerts=true, locationContextEnabled=true, webStorageEnabled=true, browserName=chrome, takesScreenshot=true, javascriptEnabled=true, cssSelectorsEnabled=true, unexpectedAlertBehaviour=}]
Session ID: 9c770cc730d3f33176d406d44403fe51<br>
<br>
<code>org.openqa.selenium.NoSuchWindowException: no such window: target window already closed<br>from unknown error: web view not found<br>  (Session info: chrome=61.0.3163.100)<br>  (Driver info: chromedriver=2.29.461591 (62ebf098771772160f391d75e589dc567915b233),platform=Windows NT 10.0.10240 x86_64) (WARNING: The server did not provide any stacktrace information)<br>Command duration or timeout: 3 milliseconds<br>Build info: version: '2.39.0', revision: 'ff23eac', time: '2013-12-16 16:12:12'<br>System info: host: 'HKus-X-5430', ip: '10.10.18.139', os.name: 'Windows 10', os.arch: 'amd64', os.version: '10.0', java.version: '1.8.0_101'<br>Driver info: org.openqa.selenium.chrome.ChromeDriver<br>Capabilities [{applicationCacheEnabled=false, rotatable=false, mobileEmulationEnabled=false, networkConnectionEnabled=false, chrome={chromedriverVersion=2.29.461591 (62ebf098771772160f391d75e589dc567915b233), userDataDir=C:\Users\hiromi\AppData\Local\Temp\scoped_dir8936__13068}, takesHeapSnapshot=true, pageLoadStrategy=normal, databaseEnabled=false, handlesAlerts=true, hasTouchScreen=false, version=61.0.3163.100, platform=XP, browserConnectionEnabled=false, nativeEvents=true, acceptSslCerts=true, locationContextEnabled=true, webStorageEnabled=true, browserName=chrome, takesScreenshot=true, javascriptEnabled=true, cssSelectorsEnabled=true, unexpectedAlertBehaviour=}]<br>Session ID: 9c770cc730d3f33176d406d44403fe51<br>	at java.lang.reflect.Constructor.newInstance(Constructor.java:423)<br>	at org.openqa.selenium.remote.ErrorHandler.createThrowable(ErrorHandler.java:193)<br>	at org.openqa.selenium.remote.ErrorHandler.throwIfResponseFailed(ErrorHanndler.java:145)<br>	at org.openqa.selenium.remote.RemoteWebDriver.execute(RemoteWebDriver.java:554)<br>	at org.openqa.selenium.remote.RemoteWebDriver.get(RemoteWebDriver.java:276)<br>	at PageObject.NDM_TestCase3384FirmwareUpgrade.testPage(NDM_TestCase3384FirmwareUpgrade.java:63)<br>
</code></td><td>0.527</td>
</tr>
<tr valign="top" class="Error">
<td><a name="testPage"></a>testPage</td><td>Error</td><td>no such window: target window already closed
from unknown error: web view not found
  (Session info: chrome=61.0.3163.100)
  (Driver info: chromedriver=2.29.461591 (62ebf098771772160f391d75e589dc567915b233),platform=Windows NT 10.0.10240 x86_64) (WARNING: The server did not provide any stacktrace information)
Command duration or timeout: 13 milliseconds
Build info: version: '2.39.0', revision: 'ff23eac', time: '2013-12-16 16:12:12'
System info: host: 'HKus-X-5430', ip: '10.10.18.139', os.name: 'Windows 10', os.arch: 'amd64', os.version: '10.0', java.version: '1.8.0_101'
Driver info: org.openqa.selenium.chrome.ChromeDriver
Capabilities [{applicationCacheEnabled=false, rotatable=false, mobileEmulationEnabled=false, networkConnectionEnabled=false, chrome={chromedriverVersion=2.29.461591 (62ebf098771772160f391d75e589dc567915b233), userDataDir=C:\Users\hiromi\AppData\Local\Temp\scoped_dir8936_13068}, takesHeapSnapshot=true, pageLoadStrategy=normal, databaseEnabled=false, handlesAlerts=true, hasTouchScreen=false, version=61.0.3163.100, platform=XP, browserConnectionEnabled=false, nativeEvents=true, acceptSslCerts=true, locationContextEnabled=true, webStorageEnabled=true, browserName=chrome, takesScreenshot=true, javascriptEnabled=true, cssSelectorsEnabled=true, unexpectedAlertBehaviour=}]
Session ID: 9c770cc730d3f33176d406d44403fe51<br>
<br>
<code>org.openqa.selenium.NoSuchWindowException: no such window: target window already closed<br>from unknown error: web view not found<br>  (Session info: chrome=61.0.3163.100)<br>  (Driver info: chromedriver=2.29.461591 (62ebf098771772160f391d75e589dc567915b233),platform=Windows NT 10.0.10240 x86_64) (WARNING: The server did not provide any stacktrace information)<br>Command duration or timeout: 13 milliseconds<br>Build info: version: '2.39.0', revision: 'ff23eac', time: '2013-12-16 16:12:12'<br>System info: host: 'HKus-X-5430', ip: '10.10.18.139', os.name: 'Windows 10', os.arch: 'amd64', os.version: '10.0', java.version: '1.8.0_101'<br>Driver info: org.openqa.selenium.chrome.ChromeDriver<br>
<br>Capabilities [{applicationCacheEnabled=false, rotatable=false, mobileEmulationEnabled=false, networkConnectionEnabled=false, chrome={chromedriverVersion=2.29.461591 (62ebf098771772160f391d75e589dc567915b233), userDataDir=C:\Users\hiromi\AppData\Local\Temp\scoped_dir8936_13068}, takesHeapSnapshot=true, pageLoadStrategy=normal, databaseEnabled=false, handlesAlerts=true, hasTouchScreen=false, version=61.0.3163.100, platform=XP, browserConnectionEnabled=false, nativeEvents=true, acceptSslCerts=true, locationContextEnabled=true, webStorageEnabled=true, browserName=chrome, takesScreenshot=true, javascriptEnabled=true, cssSelectorsEnabled=true, unexpectedAlertBehaviour=}]<br>Session ID: 9c770cc730d3f33176d406d44403fe51<br>	at java.lang.reflect.Constructor.newInstance(Constructor.java:423)<br>	at org.openqa.selenium.remote.ErrorHandler.createThrowable(ErrorHandler.java:193)<br>	at org.openqa.selenium.remote.ErrorHandler.throwIfResponseFailed(ErrorHHandler.java:145)<br>	at org.openqa.selenium.remote.RemoteWebDriver.execute(RemoteWebDriver.java:554)<br>	at org.openqa.selenium.remote.RemoteWebDriver.get(RemoteWebDriver.java:276)<br>	at PageObject.NDM_TestCase2617DeviceRestart.testPage(NDM_TestCase2617DeviceRestart.java:62)<br>
</code></td><td>0.155</td>
</tr>
<tr valign="top" class="Error">
<td><a name="testPage"></a>testPage</td><td>Error</td><td>no such window: target window already closed
from unknown error: web view not found
  (Session info: chrome=61.0.3163.100)
  (Driver info: chromedriver=2.29.461591 (62ebf098771772160f391d75e589dc567915b233),platform=Windows NT 10.0.10240 x86_64) (WARNING: The server did not provide any stacktrace information)
Command duration or timeout: 2 milliseconds
Build info: version: '2.39.0', revision: 'ff23eac', time: '2013-12-16 16:12:12'
System info: host: 'HKus-X-5430', ip: '10.10.18.139', os.name: 'Windows 10', os.arch: 'amd64', os.version: '10.0', java.version: '1.8.0_101'
Driver info: org.openqa.selenium.chrome.ChromeDriver
Capabilities [{applicationCacheEnabled=false, rotatable=false, mobileEmulationEnabled=false, networkConnectionEnabled=false, chrome={chromedriverVersion=2.29.461591 (62ebf098771772160f391d75e589dc567915b233), userDataDir=C:\Users\hiromi\AppData\Local\Temp\scoped_dir8936_13068}, takesHeapSnapshot=true, pageLoadStrategy=normal, databaseEnabled=false, handlesAlerts=true, hasTouchScreen=false, version=61.0.3163.100, platform=XP, browserConnectionEnabled=false, nativeEvents=true, acceptSslCerts=true, locationContextEnabled=true, webStorageEnabled=true, browserName=chrome, takesScreenshot=true, javascriptEnabled=true, cssSelectorsEnabled=true, unexpectedAlertBehaviour=}]
Session ID: 9c770cc730d3f33176d406d44403fe51<br>
<br>
<code>org.openqa.selenium.NoSuchWindowException: no such window: target window already closed<br>from unknown error: web view not found<br>  (Session info: chrome=61.0.3163.100)<br>  (Driver info: chromedriver=2.29.461591 (62ebf098771772160f391d75e589dc567915b233),platform=Windows NT 10.0.10240 x86_64) (WARNING: The server did not provide any stacktrace information)<br>Command duration or timeout: 2 milliseconds<br>Build info: version: '2.39.0', revision: 'ff23eac', time: '2013-12-16 16:12:12'<br>System info: host: 'HKus-X-5430', ip: '10.10.18.139', os.name: 'Windows 10', os.arch: 'amd64', os.version: '10.0', java.version: '1.8.0_101'<br>Driver info: org.openqa.selenium.chrome.ChromeDriver<br>Capabilities [{applicationCacheEnabled=false, rotatable=false, mobileEmulationEnabled=false, networkConnectionEnabled=false, chrome={chromedriverVersion=2.29.461591 (62ebf098771772160f391d75e589dc567915b233), userDataDir=C:\Users\hiromi\AppData\Local\Temp\scoped_dir8936_133068}, takesHeapSnapshot=true, pageLoadStrategy=normal, databaseEnabled=false, handlesAlerts=true, hasTouchScreen=false, version=61.0.3163.100, platform=XP, browserConnectionEnabled=false, nativeEvents=true, acceptSslCerts=true, locationContextEnabled=true, webStorageEnabled=true, browserName=chrome, takesScreenshot=true, javascriptEnabled=true, cssSelectorsEnabled=true, unexpectedAlertBehaviour=}]<br>Session ID: 9c770cc730d3f33176d406d44403fe51<br>	at java.lang.reflect.Constructor.newInstance(Constructor.java:423)<br>	at org.openqa.selenium.remote.ErrorHandler.createThrowable(ErrorHandler.java:193)<br>	at org.openqa.selenium.remote.ErrorHandler.throwIfResponseFailed(ErrorHandller.java:145)<br>	at org.openqa.selenium.remote.RemoteWebDriver.execute(RemoteWebDriver.java:554)<br>	at org.openqa.selenium.remote.RemoteWebDriver.get(RemoteWebDriver.java:276)<br>	at PageObject.NDM_TestCaseAddressBookAddContact.testPage(NDM_TestCaseAddressBookAddContact.java:61)<br>
</code></td><td>0.138</td>
</tr>
<tr valign="top" class="Error">
<td><a name="testPage"></a>testPage</td><td>Error</td><td>no such window: target window already closed
from unknown error: web view not found
  (Session info: chrome=61.0.3163.100)
  (Driver info: chromedriver=2.29.461591 (62ebf098771772160f391d75e589dc567915b233),platform=Windows NT 10.0.10240 x86_64) (WARNING: The server did not provide any stacktrace information)
Command duration or timeout: 5 milliseconds
Build info: version: '2.39.0', revision: 'ff23eac', time: '2013-12-16 16:12:12'
System info: host: 'HKus-X-5430', ip: '10.10.18.139', os.name: 'Windows 10', os.arch: 'amd64', os.version: '10.0', java.version: '1.8.0_101'
Driver info: org.openqa.selenium.chrome.ChromeDriver
Capabilities [{applicationCacheEnabled=false, rotatable=false, mobileEmulationEnabled=false, networkConnectionEnabled=false, chrome={chromedriverVersion=2.29.461591 (62ebf098771772160f391d75e589dc567915b233), userDataDir=C:\Users\hiromi\AppData\Local\Temp\scoped_dir8936_13068}, takesHeapSnapshot=true, pageLoadStrategy=normal, databaseEnabled=false, handlesAlerts=true, hasTouchScreen=false, version=61.0.3163.100, platform=XP, browserConnectionEnabled=false, nativeEvents=true, acceptSslCerts=true, locationContextEnabled=true, webStorageEnabled=true, browserName=chrome, takesScreenshot=true, javascriptEnabled=true, cssSelectorsEnabled=true, unexpectedAlertBehaviour=}]
Session ID: 9c770cc730d3f33176d406d44403fe51<br>
<br>
<code>org.openqa.selenium.NoSuchWindowException: no such window: target window already closed<br>from unknown error: web view not found<br>  (Session info: chrome=61.0.3163.100)<br>  (Driver info: chromedriver=2.29.461591 (62ebf098771772160f391d75e589dc567915b233),platform=Windows NT 10.0.10240 x86_64) (WARNING: The server did not provide any stacktrace information)<br>Command duration or timeout: 5 milliseconds<br>Build info: version: '2.39.0', revision: 'ff23eac', time: '2013-12-16 16:12:12'<br>System info: host: 'HKus-X-5430', ip: '10.10.18.139', os.name: 'Windows 10', os.arch: 'amd64', os.version: '10.0', java.version: '1.8.0_101'<br>Driver info: org.openqa.selenium.chrome.ChromeDriver<br>Capabilities [{applicationCacheEnabled=false, rotatable=false, mobileEmulationEnabled=false, networkConnectionEnabled=false, chrome={chromedriverVersion=2.29.461591 (62ebf098771772160f391d75e589dc567915b233), userDataDir=C:\Users\hiromi\AppData\Local\Temp\scoped_ddir8936_13068}, takesHeapSnapshot=true, pageLoadStrategy=normal, databaseEnabled=false, handlesAlerts=true, hasTouchScreen=false, version=61.0.3163.100, platform=XP, browserConnectionEnabled=false, nativeEvents=true, acceptSslCerts=true, locationContextEnabled=true, webStorageEnabled=true, browserName=chrome, takesScreenshot=true, javascriptEnabled=true, cssSelectorsEnabled=true, unexpectedAlertBehaviour=}]<br>Session ID: 9c770cc730d3f33176d406d44403fe51<br>	at java.lang.reflect.Constructor.newInstance(Constructor.java:423)<br>	at org.openqa.selenium.remote.ErrorHandler.createThrowable(ErrorHandler.java:193)<br>	at org.openqa.selenium.remote.ErrorHandler.throwIfResponseFailed(EErrorHandler.java:145)<br>	at org.openqa.selenium.remote.RemoteWebDriver.execute(RemoteWebDriver.java:554)<br>	at org.openqa.selenium.remote.RemoteWebDriver.get(RemoteWebDriver.java:276)<br>	at PageObject.NDM_TestCase954Discovery.testPage(NDM_TestCase954Discovery.java:72)<br>
</code></td><td>0.144</td>
</tr>
<tr valign="top" class="Error">
<td><a name="testPage"></a>testPage</td><td>Error</td><td>no such window: target window already closed
from unknown error: web view not found
  (Session info: chrome=61.0.3163.100)
  (Driver info: chromedriver=2.29.461591 (62ebf098771772160f391d75e589dc567915b233),platform=Windows NT 10.0.10240 x86_64) (WARNING: The server did not provide any stacktrace information)
Command duration or timeout: 5 milliseconds
Build info: version: '2.39.0', revision: 'ff23eac', time: '2013-12-16 16:12:12'
System info: host: 'HKus-X-5430', ip: '10.10.18.139', os.name: 'Windows 10', os.arch: 'amd64', os.version: '10.0', java.version: '1.8.0_101'
Driver info: org.openqa.selenium.chrome.ChromeDriver
Capabilities [{applicationCacheEnabled=false, rotatable=false, mobileEmulationEnabled=false, networkConnectionEnabled=false, chrome={chromedriverVersion=2.29.461591 (62ebf098771772160f391d75e589dc567915b233), userDataDir=C:\Users\hiromi\AppData\Local\Temp\scoped_dir8936_13068}, takesHeapSnapshot=true, pageLoadStrategy=normal, databaseEnabled=false, handlesAlerts=true, hasTouchScreen=false, version=61.0.3163.100, platform=XP, browserConnectionEnabled=false, nativeEvents=true, acceptSslCerts=true, locationContextEnabled=true, webStorageEnabled=true, browserName=chrome, takesScreenshot=true, javascriptEnabled=true, cssSelectorsEnabled=true, unexpectedAlertBehaviour=}]
Session ID: 9c770cc730d3f33176d406d44403fe51<br>
<br>
<code>org.openqa.selenium.NoSuchWindowException: no such window: target window already closed<br>from unknown error: web view not found<br>  (Session info: chrome=61.0.3163.100)<br>  (Driver info: chromedriver=2.29.461591 (62ebf098771772160f391d75e589dc567915b233),platform=Windows NT 10.0.10240 x86_64) (WARNING: The server did not provide any stacktrace information)<br>Command duration or timeout: 5 milliseconds<br>Build info: version: '2.39.0', revision: 'ff23eac', time: '2013-12-16 16:12:12'<br>System info: host: 'HKus-X-5430', ip: '10.10.18.139', os.name: 'Windows 10', os.arch: 'amd64', os.version: '10.0', java.version: '1.8.0_101'<br>Driver info: org.openqa.selenium.chrome.ChromeDriver<br>Capabilities [{applicationCacheEnabled=false, rotatable=false, mobileEmulationEnabled=false, networkConnectionEnabled=false, chrome={chromedriverVersion=2.29.461591 (62ebf098771772160f391d75e589dc567915b233), userDataDir=C:\Users\hiromi\AppData\Local\Temp\scoped_dir89336_13068}, takesHeapSnapshot=true, pageLoadStrategy=normal, databaseEnabled=false, handlesAlerts=true, hasTouchScreen=false, version=61.0.3163.100, platform=XP, browserConnectionEnabled=false, nativeEvents=true, acceptSslCerts=true, locationContextEnabled=true, webStorageEnabled=true, browserName=chrome, takesScreenshot=true, javascriptEnabled=true, cssSelectorsEnabled=true, unexpectedAlertBehaviour=}]<br>Session ID: 9c770cc730d3f33176d406d44403fe51<br>	at java.lang.reflect.Constructor.newInstance(Constructor.java:423)<br>	at org.openqa.selenium.remote.ErrorHandler.createThrowable(ErrorHandler.java:193)<br>	at org.openqa.selenium.remote.ErrorHandler.throwIfResponseFailed(ErrorHHandler.java:145)<br>	at org.openqa.selenium.remote.RemoteWebDriver.execute(RemoteWebDriver.java:554)<br>	at org.openqa.selenium.remote.RemoteWebDriver.get(RemoteWebDriver.java:276)<br>	at PageObject.NDM_TestCase2616DeviceRestart.testPage(NDM_TestCase2616DeviceRestart.java:62)<br>
</code></td><td>0.177</td>
</tr>
<tr valign="top" class="Error">
<td><a name="testPage"></a>testPage</td><td>Error</td><td>no such window: target window already closed
from unknown error: web view not found
  (Session info: chrome=61.0.3163.100)
  (Driver info: chromedriver=2.29.461591 (62ebf098771772160f391d75e589dc567915b233),platform=Windows NT 10.0.10240 x86_64) (WARNING: The server did not provide any stacktrace information)
Command duration or timeout: 13 milliseconds
Build info: version: '2.39.0', revision: 'ff23eac', time: '2013-12-16 16:12:12'
System info: host: 'HKus-X-5430', ip: '10.10.18.139', os.name: 'Windows 10', os.arch: 'amd64', os.version: '10.0', java.version: '1.8.0_101'
Driver info: org.openqa.selenium.chrome.ChromeDriver
Capabilities [{applicationCacheEnabled=false, rotatable=false, mobileEmulationEnabled=false, networkConnectionEnabled=false, chrome={chromedriverVersion=2.29.461591 (62ebf098771772160f391d75e589dc567915b233), userDataDir=C:\Users\hiromi\AppData\Local\Temp\scoped_dir8936_13068}, takesHeapSnapshot=true, pageLoadStrategy=normal, databaseEnabled=false, handlesAlerts=true, hasTouchScreen=false, version=61.0.3163.100, platform=XP, browserConnectionEnabled=false, nativeEvents=true, acceptSslCerts=true, locationContextEnabled=true, webStorageEnabled=true, browserName=chrome, takesScreenshot=true, javascriptEnabled=true, cssSelectorsEnabled=true, unexpectedAlertBehaviour=}]
Session ID: 9c770cc730d3f33176d406d44403fe51<br>
<br>
<code>org.openqa.selenium.NoSuchWindowException: no such window: target window already closed<br>from unknown error: web view not found<br>  (Session info: chrome=61.0.3163.100)<br>  (Driver info: chromedriver=2.29.461591 (62ebf098771772160f391d75e589dc567915b233),platform=Windows NT 10.0.10240 x86_64) (WARNING: The server did not provide any stacktrace information)<br>Command duration or timeout: 13 milliseconds<br>Build info: version: '2.39.0', revision: 'ff23eac', time: '2013-12-16 16:12:12'<br>System info: host: 'HKus-X-5430', ip: '10.10.18.139', os.name: 'Windows 10', os.arch: 'amd64', os.version: '10.0', java.version: '1.8.0_101'<br>Driver info: org.openqa.selenium.chrome.ChromeDriver<br>
<br>Capabilities [{applicationCacheEnabled=false, rotatable=false, mobileEmulationEnabled=false, networkConnectionEnabled=false, chrome={chromedriverVersion=2.29.461591 (62ebf098771772160f391d75e589dc567915b233), userDataDir=C:\Users\hiromi\AppData\Local\Temp\scoped_dir8936_13068}, takesHeapSnapshot=true, pageLoadStrategy=normal, databaseEnabled=false, handlesAlerts=true, hasTouchScreen=false, version=61.0.3163.100, platform=XP, browserConnectionEnabled=false, nativeEvents=true, acceptSslCerts=true, locationContextEnabled=true, webStorageEnabled=true, browserName=chrome, takesScreenshot=true, javascriptEnabled=true, cssSelectorsEnabled=true, unexpectedAlertBehaviour=}]<br>Session ID: 9c770cc730d3f33176d406d44403fe51<br>	at java.lang.reflect.Constructor.newInstance(Constructor.java:423)<br>	at org.openqa.selenium.remote.ErrorHandler.createThrowable(ErrorHandler.java:193)<br>	at org.openqa.selenium.remote.ErrorHandler.throwIfResponseFailed(ErrorHaandler.java:145)<br>	at org.openqa.selenium.remote.RemoteWebDriver.execute(RemoteWebDriver.java:554)<br>	at org.openqa.selenium.remote.RemoteWebDriver.get(RemoteWebDriver.java:276)<br>	at PageObject.NDM_TestCase6602CertManagement.testPage(NDM_TestCase6602CertManagement.java:64)<br>
</code></td><td>0.178</td>
</tr>
<tr valign="top" class="Error">
<td><a name="testPage"></a>testPage</td><td>Error</td><td>no such window: target window already closed
from unknown error: web view not found
  (Session info: chrome=61.0.3163.100)
  (Driver info: chromedriver=2.29.461591 (62ebf098771772160f391d75e589dc567915b233),platform=Windows NT 10.0.10240 x86_64) (WARNING: The server did not provide any stacktrace information)
Command duration or timeout: 6 milliseconds
Build info: version: '2.39.0', revision: 'ff23eac', time: '2013-12-16 16:12:12'
System info: host: 'HKus-X-5430', ip: '10.10.18.139', os.name: 'Windows 10', os.arch: 'amd64', os.version: '10.0', java.version: '1.8.0_101'
Driver info: org.openqa.selenium.chrome.ChromeDriver
Capabilities [{applicationCacheEnabled=false, rotatable=false, mobileEmulationEnabled=false, networkConnectionEnabled=false, chrome={chromedriverVersion=2.29.461591 (62ebf098771772160f391d75e589dc567915b233), userDataDir=C:\Users\hiromi\AppData\Local\Temp\scoped_dir8936_13068}, takesHeapSnapshot=true, pageLoadStrategy=normal, databaseEnabled=false, handlesAlerts=true, hasTouchScreen=false, version=61.0.3163.100, platform=XP, browserConnectionEnabled=false, nativeEvents=true, acceptSslCerts=true, locationContextEnabled=true, webStorageEnabled=true, browserName=chrome, takesScreenshot=true, javascriptEnabled=true, cssSelectorsEnabled=true, unexpectedAlertBehaviour=}]
Session ID: 9c770cc730d3f33176d406d44403fe51<br>
<br>
<code>org.openqa.selenium.NoSuchWindowException: no such window: target window already closed<br>from unknown error: web view not found<br>  (Session info: chrome=61.0.3163.100)<br>  (Driver info: chromedriver=2.29.461591 (62ebf098771772160f391d75e589dc567915b233),platform=Windows NT 10.0.10240 x86_64) (WARNING: The server did not provide any stacktrace information)<br>Command duration or timeout: 6 milliseconds<br>Build info: version: '2.39.0', revision: 'ff23eac', time: '2013-12-16 16:12:12'<br>System info: host: 'HKus-X-5430', ip: '10.10.18.139', os.name: 'Windows 10', os.arch: 'amd64', os.version: '10.0', java.version: '1.8.0_101'<br>Driver info: org.openqa.selenium.chrome.ChromeDriver<br>Capabilities [{applicationCacheEnabled=false, rotatable=false, mobileEmulationEnabled=false, networkConnectionEnabled=false, chrome={chromedriverVersion=2.29.461591 (62ebf098771772160f391d75e589dc567915b233), userDataDir=C:\Users\hiromi\AppData\Local\Temp\scoped_dir89336_13068}, takesHeapSnapshot=true, pageLoadStrategy=normal, databaseEnabled=false, handlesAlerts=true, hasTouchScreen=false, version=61.0.3163.100, platform=XP, browserConnectionEnabled=false, nativeEvents=true, acceptSslCerts=true, locationContextEnabled=true, webStorageEnabled=true, browserName=chrome, takesScreenshot=true, javascriptEnabled=true, cssSelectorsEnabled=true, unexpectedAlertBehaviour=}]<br>Session ID: 9c770cc730d3f33176d406d44403fe51<br>	at java.lang.reflect.Constructor.newInstance(Constructor.java:423)<br>	at org.openqa.selenium.remote.ErrorHandler.createThrowable(ErrorHandler.java:193)<br>	at org.openqa.selenium.remote.ErrorHandler.throwIfResponseFailed(ErrorHHandler.java:145)<br>	at org.openqa.selenium.remote.RemoteWebDriver.execute(RemoteWebDriver.java:554)<br>	at org.openqa.selenium.remote.RemoteWebDriver.get(RemoteWebDriver.java:276)<br>	at PageObject.NDM_TestCase2588DeviceRestart.testPage(NDM_TestCase2588DeviceRestart.java:63)<br>
</code></td><td>0.152</td>
</tr>
<tr valign="top" class="Error">
<td><a name="testPage"></a>testPage</td><td>Error</td><td>no such window: target window already closed
from unknown error: web view not found
  (Session info: chrome=61.0.3163.100)
  (Driver info: chromedriver=2.29.461591 (62ebf098771772160f391d75e589dc567915b233),platform=Windows NT 10.0.10240 x86_64) (WARNING: The server did not provide any stacktrace information)
Command duration or timeout: 6 milliseconds
Build info: version: '2.39.0', revision: 'ff23eac', time: '2013-12-16 16:12:12'
System info: host: 'HKus-X-5430', ip: '10.10.18.139', os.name: 'Windows 10', os.arch: 'amd64', os.version: '10.0', java.version: '1.8.0_101'
Driver info: org.openqa.selenium.chrome.ChromeDriver
Capabilities [{applicationCacheEnabled=false, rotatable=false, mobileEmulationEnabled=false, networkConnectionEnabled=false, chrome={chromedriverVersion=2.29.461591 (62ebf098771772160f391d75e589dc567915b233), userDataDir=C:\Users\hiromi\AppData\Local\Temp\scoped_dir8936_13068}, takesHeapSnapshot=true, pageLoadStrategy=normal, databaseEnabled=false, handlesAlerts=true, hasTouchScreen=false, version=61.0.3163.100, platform=XP, browserConnectionEnabled=false, nativeEvents=true, acceptSslCerts=true, locationContextEnabled=true, webStorageEnabled=true, browserName=chrome, takesScreenshot=true, javascriptEnabled=true, cssSelectorsEnabled=true, unexpectedAlertBehaviour=}]
Session ID: 9c770cc730d3f33176d406d44403fe51<br>
<br>
<code>org.openqa.selenium.NoSuchWindowException: no such window: target window already closed<br>from unknown error: web view not found<br>  (Session info: chrome=61.0.3163.100)<br>  (Driver info: chromedriver=2.29.461591 (62ebf098771772160f391d75e589dc567915b233),platform=Windows NT 10.0.10240 x86_64) (WARNING: The server did not provide any stacktrace information)<br>Command duration or timeout: 6 milliseconds<br>Build info: version: '2.39.0', revision: 'ff23eac', time: '2013-12-16 16:12:12'<br>System info: host: 'HKus-X-5430', ip: '10.10.18.139', os.name: 'Windows 10', os.arch: 'amd64', os.version: '10.0', java.version: '1.8.0_101'<br>Driver info: org.openqa.selenium.chrome.ChromeDriver<br>Capabilities [{applicationCacheEnabled=false, rotatable=false, mobileEmulationEnabled=false, networkConnectionEnabled=false, chrome={chromedriverVersion=2.29.461591 (62ebf098771772160f391d75e589dc567915b233), userDataDir=C:\Users\hiromi\AppData\Local\Temp\scopeed_dir8936_13068}, takesHeapSnapshot=true, pageLoadStrategy=normal, databaseEnabled=false, handlesAlerts=true, hasTouchScreen=false, version=61.0.3163.100, platform=XP, browserConnectionEnabled=false, nativeEvents=true, acceptSslCerts=true, locationContextEnabled=true, webStorageEnabled=true, browserName=chrome, takesScreenshot=true, javascriptEnabled=true, cssSelectorsEnabled=true, unexpectedAlertBehaviour=}]<br>Session ID: 9c770cc730d3f33176d406d44403fe51<br>	at java.lang.reflect.Constructor.newInstance(Constructor.java:423)<br>	at org.openqa.selenium.remote.ErrorHandler.createThrowable(ErrorHandler.java:193)<br>	at org.openqa.selenium.remote.ErrorHandler.throwIfResponseFaileed(ErrorHandler.java:145)<br>	at org.openqa.selenium.remote.RemoteWebDriver.execute(RemoteWebDriver.java:554)<br>	at org.openqa.selenium.remote.RemoteWebDriver.get(RemoteWebDriver.java:276)<br>	at PageObject.NDM_TestCase4429HyPAS.testPage(NDM_TestCase4429HyPAS.java:62)<br>
</code></td><td>0.146</td>
</tr>
<tr valign="top" class="Error">
<td><a name="testPage"></a>testPage</td><td>Error</td><td>no such window: target window already closed
from unknown error: web view not found
  (Session info: chrome=61.0.3163.100)
  (Driver info: chromedriver=2.29.461591 (62ebf098771772160f391d75e589dc567915b233),platform=Windows NT 10.0.10240 x86_64) (WARNING: The server did not provide any stacktrace information)
Command duration or timeout: 4 milliseconds
Build info: version: '2.39.0', revision: 'ff23eac', time: '2013-12-16 16:12:12'
System info: host: 'HKus-X-5430', ip: '10.10.18.139', os.name: 'Windows 10', os.arch: 'amd64', os.version: '10.0', java.version: '1.8.0_101'
Driver info: org.openqa.selenium.chrome.ChromeDriver
Capabilities [{applicationCacheEnabled=false, rotatable=false, mobileEmulationEnabled=false, networkConnectionEnabled=false, chrome={chromedriverVersion=2.29.461591 (62ebf098771772160f391d75e589dc567915b233), userDataDir=C:\Users\hiromi\AppData\Local\Temp\scoped_dir8936_13068}, takesHeapSnapshot=true, pageLoadStrategy=normal, databaseEnabled=false, handlesAlerts=true, hasTouchScreen=false, version=61.0.3163.100, platform=XP, browserConnectionEnabled=false, nativeEvents=true, acceptSslCerts=true, locationContextEnabled=true, webStorageEnabled=true, browserName=chrome, takesScreenshot=true, javascriptEnabled=true, cssSelectorsEnabled=true, unexpectedAlertBehaviour=}]
Session ID: 9c770cc730d3f33176d406d44403fe51<br>
<br>
<code>org.openqa.selenium.NoSuchWindowException: no such window: target window already closed<br>from unknown error: web view not found<br>  (Session info: chrome=61.0.3163.100)<br>  (Driver info: chromedriver=2.29.461591 (62ebf098771772160f391d75e589dc567915b233),platform=Windows NT 10.0.10240 x86_64) (WARNING: The server did not provide any stacktrace information)<br>Command duration or timeout: 4 milliseconds<br>Build info: version: '2.39.0', revision: 'ff23eac', time: '2013-12-16 16:12:12'<br>System info: host: 'HKus-X-5430', ip: '10.10.18.139', os.name: 'Windows 10', os.arch: 'amd64', os.version: '10.0', java.version: '1.8.0_101'<br>Driver info: org.openqa.selenium.chrome.ChromeDriver<br>Capabilities [{applicationCacheEnabled=false, rotatable=false, mobileEmulationEnabled=false, networkConnectionEnabled=false, chrome={chromedriverVersion=2.29.461591 (62ebf098771772160f391d75e589dc567915b233), userDataDir=C:\Users\hiromi\AppData\Local\Temp\scopeed_dir8936_13068}, takesHeapSnapshot=true, pageLoadStrategy=normal, databaseEnabled=false, handlesAlerts=true, hasTouchScreen=false, version=61.0.3163.100, platform=XP, browserConnectionEnabled=false, nativeEvents=true, acceptSslCerts=true, locationContextEnabled=true, webStorageEnabled=true, browserName=chrome, takesScreenshot=true, javascriptEnabled=true, cssSelectorsEnabled=true, unexpectedAlertBehaviour=}]<br>Session ID: 9c770cc730d3f33176d406d44403fe51<br>	at java.lang.reflect.Constructor.newInstance(Constructor.java:423)<br>	at org.openqa.selenium.remote.ErrorHandler.createThrowable(ErrorHandler.java:193)<br>	at org.openqa.selenium.remote.ErrorHandler.throwIfResponseFaileed(ErrorHandler.java:145)<br>	at org.openqa.selenium.remote.RemoteWebDriver.execute(RemoteWebDriver.java:554)<br>	at org.openqa.selenium.remote.RemoteWebDriver.get(RemoteWebDriver.java:276)<br>	at PageObject.NDM_TestCase6728Views.testPage(NDM_TestCase6728Views.java:68)<br>
</code></td><td>0.126</td>
</tr>
</table>
<div class="Properties">
<a href="javascript:displayProperties('PageObject.NDM_TestSuite');">
                    Properties &raquo;
                </a>
</div>
<div class="Properties">
<a href="./0_NDM_TestSuite-out.html">
                        System.out &raquo;
                    </a>
</div>
<div class="Properties">
<a href="./0_NDM_TestSuite-err.html">
                        System.err &raquo;
                    </a>
</div>
</body>
</html>
